{"/Users/dhkaneda/Development/FEC/abode-summary-contacts/webpack.config.js": {"path":"/Users/dhkaneda/Development/FEC/abode-summary-contacts/webpack.config.js","statementMap":{"0":{"start":{"line":1,"column":13},"end":{"line":1,"column":28}},"1":{"start":{"line":3,"column":0},"end":{"line":37,"column":2}}},"fnMap":{},"branchMap":{},"s":{"0":0,"1":0},"f":{},"b":{}}
,"/Users/dhkaneda/Development/FEC/abode-summary-contacts/client/dist/bundle.js": {"path":"/Users/dhkaneda/Development/FEC/abode-summary-contacts/client/dist/bundle.js","statementMap":{"0":{"start":{"line":1,"column":9},"end":{"line":233,"column":12}},"1":{"start":{"line":3,"column":33},"end":{"line":3,"column":35}},"2":{"start":{"line":9,"column":11},"end":{"line":11,"column":12}},"3":{"start":{"line":10,"column":12},"end":{"line":10,"column":54}},"4":{"start":{"line":13,"column":24},"end":{"line":17,"column":12}},"5":{"start":{"line":20,"column":11},"end":{"line":20,"column":95}},"6":{"start":{"line":23,"column":11},"end":{"line":23,"column":27}},"7":{"start":{"line":26,"column":11},"end":{"line":26,"column":33}},"8":{"start":{"line":31,"column":10},"end":{"line":31,"column":42}},"9":{"start":{"line":34,"column":10},"end":{"line":34,"column":51}},"10":{"start":{"line":37,"column":10},"end":{"line":41,"column":12}},"11":{"start":{"line":38,"column":11},"end":{"line":40,"column":12}},"12":{"start":{"line":39,"column":12},"end":{"line":39,"column":84}},"13":{"start":{"line":44,"column":10},"end":{"line":49,"column":12}},"14":{"start":{"line":45,"column":11},"end":{"line":47,"column":12}},"15":{"start":{"line":46,"column":12},"end":{"line":46,"column":84}},"16":{"start":{"line":48,"column":11},"end":{"line":48,"column":73}},"17":{"start":{"line":56,"column":10},"end":{"line":65,"column":12}},"18":{"start":{"line":57,"column":11},"end":{"line":57,"column":59}},"19":{"start":{"line":57,"column":24},"end":{"line":57,"column":59}},"20":{"start":{"line":58,"column":11},"end":{"line":58,"column":37}},"21":{"start":{"line":58,"column":24},"end":{"line":58,"column":37}},"22":{"start":{"line":59,"column":11},"end":{"line":59,"column":97}},"23":{"start":{"line":59,"column":84},"end":{"line":59,"column":97}},"24":{"start":{"line":60,"column":20},"end":{"line":60,"column":39}},"25":{"start":{"line":61,"column":11},"end":{"line":61,"column":37}},"26":{"start":{"line":62,"column":11},"end":{"line":62,"column":84}},"27":{"start":{"line":63,"column":11},"end":{"line":63,"column":159}},"28":{"start":{"line":63,"column":52},"end":{"line":63,"column":159}},"29":{"start":{"line":63,"column":74},"end":{"line":63,"column":159}},"30":{"start":{"line":63,"column":121},"end":{"line":63,"column":139}},"31":{"start":{"line":64,"column":11},"end":{"line":64,"column":21}},"32":{"start":{"line":68,"column":10},"end":{"line":74,"column":12}},"33":{"start":{"line":69,"column":24},"end":{"line":71,"column":58}},"34":{"start":{"line":70,"column":36},"end":{"line":70,"column":61}},"35":{"start":{"line":71,"column":42},"end":{"line":71,"column":56}},"36":{"start":{"line":72,"column":11},"end":{"line":72,"column":54}},"37":{"start":{"line":73,"column":11},"end":{"line":73,"column":25}},"38":{"start":{"line":77,"column":10},"end":{"line":77,"column":128}},"39":{"start":{"line":77,"column":63},"end":{"line":77,"column":125}},"40":{"start":{"line":80,"column":10},"end":{"line":80,"column":37}},"41":{"start":{"line":84,"column":10},"end":{"line":84,"column":87}},"42":{"start":{"line":97,"column":0},"end":{"line":97,"column":1519}},"43":{"start":{"line":109,"column":0},"end":{"line":109,"column":6440}},"44":{"start":{"line":121,"column":0},"end":{"line":121,"column":10158}},"45":{"start":{"line":133,"column":0},"end":{"line":133,"column":1305}},"46":{"start":{"line":145,"column":0},"end":{"line":145,"column":2233281}},"47":{"start":{"line":157,"column":0},"end":{"line":157,"column":3680}},"48":{"start":{"line":169,"column":0},"end":{"line":169,"column":159407}},"49":{"start":{"line":181,"column":0},"end":{"line":181,"column":847}},"50":{"start":{"line":193,"column":0},"end":{"line":193,"column":24612}},"51":{"start":{"line":205,"column":0},"end":{"line":205,"column":63612}},"52":{"start":{"line":217,"column":0},"end":{"line":217,"column":883}},"53":{"start":{"line":229,"column":0},"end":{"line":229,"column":929}}},"fnMap":{"0":{"name":"(anonymous_0)","decl":{"start":{"line":1,"column":10},"end":{"line":1,"column":11}},"loc":{"start":{"line":1,"column":28},"end":{"line":85,"column":10}},"line":1},"1":{"name":"__webpack_require__","decl":{"start":{"line":6,"column":19},"end":{"line":6,"column":38}},"loc":{"start":{"line":6,"column":49},"end":{"line":27,"column":11}},"line":6},"2":{"name":"(anonymous_2)","decl":{"start":{"line":37,"column":34},"end":{"line":37,"column":35}},"loc":{"start":{"line":37,"column":66},"end":{"line":41,"column":11}},"line":37},"3":{"name":"(anonymous_3)","decl":{"start":{"line":44,"column":34},"end":{"line":44,"column":35}},"loc":{"start":{"line":44,"column":52},"end":{"line":49,"column":11}},"line":44},"4":{"name":"(anonymous_4)","decl":{"start":{"line":56,"column":34},"end":{"line":56,"column":35}},"loc":{"start":{"line":56,"column":56},"end":{"line":65,"column":11}},"line":56},"5":{"name":"(anonymous_5)","decl":{"start":{"line":63,"column":105},"end":{"line":63,"column":106}},"loc":{"start":{"line":63,"column":119},"end":{"line":63,"column":141}},"line":63},"6":{"name":"(anonymous_6)","decl":{"start":{"line":68,"column":34},"end":{"line":68,"column":35}},"loc":{"start":{"line":68,"column":51},"end":{"line":74,"column":11}},"line":68},"7":{"name":"getDefault","decl":{"start":{"line":70,"column":21},"end":{"line":70,"column":31}},"loc":{"start":{"line":70,"column":34},"end":{"line":70,"column":63}},"line":70},"8":{"name":"getModuleExports","decl":{"start":{"line":71,"column":21},"end":{"line":71,"column":37}},"loc":{"start":{"line":71,"column":40},"end":{"line":71,"column":58}},"line":71},"9":{"name":"(anonymous_9)","decl":{"start":{"line":77,"column":34},"end":{"line":77,"column":35}},"loc":{"start":{"line":77,"column":61},"end":{"line":77,"column":127}},"line":77},"10":{"name":"(anonymous_10)","decl":{"start":{"line":94,"column":7},"end":{"line":94,"column":8}},"loc":{"start":{"line":94,"column":66},"end":{"line":99,"column":7}},"line":94},"11":{"name":"(anonymous_11)","decl":{"start":{"line":106,"column":7},"end":{"line":106,"column":8}},"loc":{"start":{"line":106,"column":54},"end":{"line":111,"column":7}},"line":106},"12":{"name":"(anonymous_12)","decl":{"start":{"line":118,"column":7},"end":{"line":118,"column":8}},"loc":{"start":{"line":118,"column":54},"end":{"line":123,"column":7}},"line":118},"13":{"name":"(anonymous_13)","decl":{"start":{"line":130,"column":7},"end":{"line":130,"column":8}},"loc":{"start":{"line":130,"column":54},"end":{"line":135,"column":7}},"line":130},"14":{"name":"(anonymous_14)","decl":{"start":{"line":142,"column":7},"end":{"line":142,"column":8}},"loc":{"start":{"line":142,"column":54},"end":{"line":147,"column":7}},"line":142},"15":{"name":"(anonymous_15)","decl":{"start":{"line":154,"column":7},"end":{"line":154,"column":8}},"loc":{"start":{"line":154,"column":54},"end":{"line":159,"column":7}},"line":154},"16":{"name":"(anonymous_16)","decl":{"start":{"line":166,"column":7},"end":{"line":166,"column":8}},"loc":{"start":{"line":166,"column":54},"end":{"line":171,"column":7}},"line":166},"17":{"name":"(anonymous_17)","decl":{"start":{"line":178,"column":7},"end":{"line":178,"column":8}},"loc":{"start":{"line":178,"column":54},"end":{"line":183,"column":7}},"line":178},"18":{"name":"(anonymous_18)","decl":{"start":{"line":190,"column":7},"end":{"line":190,"column":8}},"loc":{"start":{"line":190,"column":54},"end":{"line":195,"column":7}},"line":190},"19":{"name":"(anonymous_19)","decl":{"start":{"line":202,"column":7},"end":{"line":202,"column":8}},"loc":{"start":{"line":202,"column":54},"end":{"line":207,"column":7}},"line":202},"20":{"name":"(anonymous_20)","decl":{"start":{"line":214,"column":7},"end":{"line":214,"column":8}},"loc":{"start":{"line":214,"column":54},"end":{"line":219,"column":7}},"line":214},"21":{"name":"(anonymous_21)","decl":{"start":{"line":226,"column":7},"end":{"line":226,"column":8}},"loc":{"start":{"line":226,"column":54},"end":{"line":231,"column":7}},"line":226}},"branchMap":{"0":{"loc":{"start":{"line":9,"column":11},"end":{"line":11,"column":12}},"type":"if","locations":[{"start":{"line":9,"column":11},"end":{"line":11,"column":12}},{"start":{"line":9,"column":11},"end":{"line":11,"column":12}}],"line":9},"1":{"loc":{"start":{"line":38,"column":11},"end":{"line":40,"column":12}},"type":"if","locations":[{"start":{"line":38,"column":11},"end":{"line":40,"column":12}},{"start":{"line":38,"column":11},"end":{"line":40,"column":12}}],"line":38},"2":{"loc":{"start":{"line":45,"column":11},"end":{"line":47,"column":12}},"type":"if","locations":[{"start":{"line":45,"column":11},"end":{"line":47,"column":12}},{"start":{"line":45,"column":11},"end":{"line":47,"column":12}}],"line":45},"3":{"loc":{"start":{"line":45,"column":14},"end":{"line":45,"column":65}},"type":"binary-expr","locations":[{"start":{"line":45,"column":14},"end":{"line":45,"column":43}},{"start":{"line":45,"column":47},"end":{"line":45,"column":65}}],"line":45},"4":{"loc":{"start":{"line":57,"column":11},"end":{"line":57,"column":59}},"type":"if","locations":[{"start":{"line":57,"column":11},"end":{"line":57,"column":59}},{"start":{"line":57,"column":11},"end":{"line":57,"column":59}}],"line":57},"5":{"loc":{"start":{"line":58,"column":11},"end":{"line":58,"column":37}},"type":"if","locations":[{"start":{"line":58,"column":11},"end":{"line":58,"column":37}},{"start":{"line":58,"column":11},"end":{"line":58,"column":37}}],"line":58},"6":{"loc":{"start":{"line":59,"column":11},"end":{"line":59,"column":97}},"type":"if","locations":[{"start":{"line":59,"column":11},"end":{"line":59,"column":97}},{"start":{"line":59,"column":11},"end":{"line":59,"column":97}}],"line":59},"7":{"loc":{"start":{"line":59,"column":14},"end":{"line":59,"column":82}},"type":"binary-expr","locations":[{"start":{"line":59,"column":15},"end":{"line":59,"column":23}},{"start":{"line":59,"column":28},"end":{"line":59,"column":53}},{"start":{"line":59,"column":57},"end":{"line":59,"column":62}},{"start":{"line":59,"column":66},"end":{"line":59,"column":82}}],"line":59},"8":{"loc":{"start":{"line":63,"column":11},"end":{"line":63,"column":159}},"type":"if","locations":[{"start":{"line":63,"column":11},"end":{"line":63,"column":159}},{"start":{"line":63,"column":11},"end":{"line":63,"column":159}}],"line":63},"9":{"loc":{"start":{"line":63,"column":14},"end":{"line":63,"column":50}},"type":"binary-expr","locations":[{"start":{"line":63,"column":14},"end":{"line":63,"column":22}},{"start":{"line":63,"column":26},"end":{"line":63,"column":50}}],"line":63},"10":{"loc":{"start":{"line":69,"column":24},"end":{"line":71,"column":58}},"type":"cond-expr","locations":[{"start":{"line":70,"column":12},"end":{"line":70,"column":63}},{"start":{"line":71,"column":12},"end":{"line":71,"column":58}}],"line":69},"11":{"loc":{"start":{"line":69,"column":24},"end":{"line":69,"column":51}},"type":"binary-expr","locations":[{"start":{"line":69,"column":24},"end":{"line":69,"column":30}},{"start":{"line":69,"column":34},"end":{"line":69,"column":51}}],"line":69}},"s":{"0":0,"1":0,"2":0,"3":0,"4":0,"5":0,"6":0,"7":0,"8":0,"9":0,"10":0,"11":0,"12":0,"13":0,"14":0,"15":0,"16":0,"17":0,"18":0,"19":0,"20":0,"21":0,"22":0,"23":0,"24":0,"25":0,"26":0,"27":0,"28":0,"29":0,"30":0,"31":0,"32":0,"33":0,"34":0,"35":0,"36":0,"37":0,"38":0,"39":0,"40":0,"41":0,"42":0,"43":0,"44":0,"45":0,"46":0,"47":0,"48":0,"49":0,"50":0,"51":0,"52":0,"53":0},"f":{"0":0,"1":0,"2":0,"3":0,"4":0,"5":0,"6":0,"7":0,"8":0,"9":0,"10":0,"11":0,"12":0,"13":0,"14":0,"15":0,"16":0,"17":0,"18":0,"19":0,"20":0,"21":0},"b":{"0":[0,0],"1":[0,0],"2":[0,0],"3":[0,0],"4":[0,0],"5":[0,0],"6":[0,0],"7":[0,0,0,0],"8":[0,0],"9":[0,0],"10":[0,0],"11":[0,0]}}
,"/Users/dhkaneda/Development/FEC/abode-summary-contacts/client/src/index.jsx": {"path":"/Users/dhkaneda/Development/FEC/abode-summary-contacts/client/src/index.jsx","statementMap":{"0":{"start":{"line":4,"column":14},"end":{"line":4,"column":48}},"1":{"start":{"line":5,"column":0},"end":{"line":8,"column":2}}},"fnMap":{},"branchMap":{},"s":{"0":0,"1":0},"f":{},"b":{}}
,"/Users/dhkaneda/Development/FEC/abode-summary-contacts/server/index.js": {"path":"/Users/dhkaneda/Development/FEC/abode-summary-contacts/server/index.js","statementMap":{"0":{"start":{"line":2,"column":16},"end":{"line":2,"column":34}},"1":{"start":{"line":3,"column":13},"end":{"line":3,"column":28}},"2":{"start":{"line":5,"column":12},"end":{"line":5,"column":21}},"3":{"start":{"line":6,"column":13},"end":{"line":6,"column":17}},"4":{"start":{"line":8,"column":0},"end":{"line":10,"column":3}},"5":{"start":{"line":9,"column":2},"end":{"line":9,"column":62}},"6":{"start":{"line":12,"column":0},"end":{"line":12,"column":64}}},"fnMap":{"0":{"name":"(anonymous_0)","decl":{"start":{"line":8,"column":17},"end":{"line":8,"column":18}},"loc":{"start":{"line":8,"column":23},"end":{"line":10,"column":1}},"line":8}},"branchMap":{},"s":{"0":0,"1":0,"2":0,"3":0,"4":0,"5":0,"6":0},"f":{"0":0},"b":{}}
}
